[20:01:40] [main/INFO] (FabricLoader/GameProvider) Loading Minecraft 1.21 with Fabric Loader 0.16.10
[20:01:41] [main/INFO] (FabricLoader) Loading 55 mods:
	- fabric-api 0.102.0+1.21
	- fabric-api-base 0.4.42+6573ed8cd1
	- fabric-api-lookup-api-v1 1.6.68+b5597344d1
	- fabric-biome-api-v1 13.0.29+5bd9f1bcd1
	- fabric-block-api-v1 1.0.22+0af3f5a7d1
	- fabric-block-view-api-v2 1.0.10+6573ed8cd1
	- fabric-blockrenderlayer-v1 1.1.52+0af3f5a7d1
	- fabric-client-tags-api-v1 1.1.15+6573ed8cd1
	- fabric-command-api-v1 1.2.49+f71b366fd1
	- fabric-command-api-v2 2.2.28+6ced4dd9d1
	- fabric-commands-v0 0.2.66+df3654b3d1
	- fabric-content-registries-v0 8.0.16+b5597344d1
	- fabric-convention-tags-v1 2.0.19+7f945d5bd1
	- fabric-convention-tags-v2 2.5.0+c5e2b5c6d1
	- fabric-crash-report-info-v1 0.2.29+0af3f5a7d1
	- fabric-data-attachment-api-v1 1.1.27+6a6dfa19d1
	- fabric-data-generation-api-v1 20.2.16+16c4ae25d1
	- fabric-dimensions-v1 4.0.0+6fc22b99d1
	- fabric-entity-events-v1 1.6.12+6fc22b99d1
	- fabric-events-interaction-v0 0.7.12+ba9dae06d1
	- fabric-game-rule-api-v1 1.0.53+6ced4dd9d1
	- fabric-gametest-api-v1 2.0.4+6fc22b99d1
	- fabric-item-api-v1 11.0.0+afdfc921d1
	- fabric-item-group-api-v1 4.1.4+78017270d1
	- fabric-key-binding-api-v1 1.0.47+0af3f5a7d1
	- fabric-keybindings-v0 0.2.45+df3654b3d1
	- fabric-lifecycle-events-v1 2.3.12+6c1df360d1
	- fabric-loot-api-v2 3.0.14+3f89f5a5d1
	- fabric-loot-api-v3 1.0.2+3f89f5a5d1
	- fabric-message-api-v1 6.0.13+6573ed8cd1
	- fabric-model-loading-api-v1 2.0.0+fe474d6bd1
	- fabric-networking-api-v1 4.2.2+60c3209bd1
	- fabric-object-builder-api-v1 15.2.0+a551f7a4d1
	- fabric-particles-v1 4.0.2+6573ed8cd1
	- fabric-recipe-api-v1 5.0.12+65089712d1
	- fabric-registry-sync-v0 5.1.2+60c3209bd1
	- fabric-renderer-api-v1 3.4.0+c705a49cd1
	- fabric-renderer-indigo 1.7.0+c705a49cd1
	- fabric-renderer-registries-v1 3.2.68+df3654b3d1
	- fabric-rendering-data-attachment-v1 0.3.48+73761d2ed1
	- fabric-rendering-fluids-v1 3.1.6+b5597344d1
	- fabric-rendering-v0 1.1.71+df3654b3d1
	- fabric-rendering-v1 5.0.5+df16efd0d1
	- fabric-resource-conditions-api-v1 4.3.0+8dc279b1d1
	- fabric-resource-loader-v0 1.3.0+56599129d1
	- fabric-screen-api-v1 2.0.24+b5597344d1
	- fabric-screen-handler-api-v1 1.3.86+b5597344d1
	- fabric-sound-api-v1 1.0.23+6573ed8cd1
	- fabric-transfer-api-v1 5.1.16+3dccd343d1
	- fabric-transitive-access-wideners-v1 6.1.0+176f9036d1
	- fabricloader 0.16.10
	- java 21
	- minecraft 1.21
	- mixinextras 0.4.1
	- werlii 1.0-SNAPSHOT
[20:01:41] [main/INFO] (FabricLoader/Mixin) SpongePowered MIXIN Subsystem Version=0.8.7 Source=file:/C:/Users/%d0%9c%d0%be%d0%b8%20%d0%b4%d0%be%d0%ba%d1%83%d0%bc%d0%b5%d0%bd%d1%82%d1%8b/.gradle/caches/modules-2/files-2.1/net.fabricmc/sponge-mixin/0.15.4+mixin.0.8.7/6a12aacc794f1078458433116e9ed42c1cc98096/sponge-mixin-0.15.4+mixin.0.8.7.jar Service=Knot/Fabric Env=CLIENT
[20:01:41] [main/INFO] (FabricLoader/Mixin) Loaded Fabric development mappings for mixin remapper!
[20:01:41] [main/INFO] (FabricLoader/Mixin) Compatibility level set to JAVA_17
[20:01:41] [main/INFO] (FabricLoader/Mixin) Compatibility level set to JAVA_21
[20:01:43] [main/INFO] (FabricLoader/MixinExtras|Service) Initializing MixinExtras via com.llamalad7.mixinextras.service.MixinExtrasServiceImpl(version=0.4.1).
[20:01:45] [Datafixer Bootstrap/INFO] (Minecraft) 226 Datafixer optimizations took 603 milliseconds
[20:01:52] [Render thread/INFO] (Minecraft) Environment: Environment[sessionHost=https://sessionserver.mojang.com, servicesHost=https://api.minecraftservices.com, name=PROD]
[20:01:52] [Render thread/INFO] (Minecraft) Setting user: Player459
[20:01:53] [Render thread/INFO] (werlii) Initializing Werlii mod
[20:01:53] [Render thread/INFO] (werlii) Initializing Werlii Client
[20:01:53] [Render thread/INFO] (werlii) Config file not found, using default settings
[20:01:53] [Render thread/INFO] (werlii) Werlii Client initialized successfully
[20:01:53] [Render thread/INFO] (Indigo) [Indigo] Registering Indigo renderer!
[20:01:54] [Render thread/INFO] (Minecraft) Backend library: LWJGL version 3.3.3-snapshot
[20:01:56] [Render thread/INFO] (Minecraft) Reloading ResourceManager: vanilla, fabric, fabric-api, fabric-api-base, fabric-api-lookup-api-v1, fabric-biome-api-v1, fabric-block-api-v1, fabric-block-view-api-v2, fabric-blockrenderlayer-v1, fabric-client-tags-api-v1, fabric-command-api-v1, fabric-command-api-v2, fabric-commands-v0, fabric-content-registries-v0, fabric-convention-tags-v1, fabric-convention-tags-v2, fabric-crash-report-info-v1, fabric-data-attachment-api-v1, fabric-data-generation-api-v1, fabric-dimensions-v1, fabric-entity-events-v1, fabric-events-interaction-v0, fabric-game-rule-api-v1, fabric-gametest-api-v1, fabric-item-api-v1, fabric-item-group-api-v1, fabric-key-binding-api-v1, fabric-keybindings-v0, fabric-lifecycle-events-v1, fabric-loot-api-v2, fabric-loot-api-v3, fabric-message-api-v1, fabric-model-loading-api-v1, fabric-networking-api-v1, fabric-object-builder-api-v1, fabric-particles-v1, fabric-recipe-api-v1, fabric-registry-sync-v0, fabric-renderer-api-v1, fabric-renderer-indigo, fabric-renderer-registries-v1, fabric-rendering-data-attachment-v1, fabric-rendering-fluids-v1, fabric-rendering-v0, fabric-rendering-v1, fabric-resource-conditions-api-v1, fabric-resource-loader-v0, fabric-screen-api-v1, fabric-screen-handler-api-v1, fabric-sound-api-v1, fabric-transfer-api-v1, fabric-transitive-access-wideners-v1, fabricloader, werlii
[20:01:56] [Worker-Main-1/INFO] (Minecraft) Found unifont_all_no_pua-15.1.05.hex, loading
[20:01:56] [Worker-Main-6/INFO] (Minecraft) Found unifont_jp_patch-15.1.05.hex, loading
[20:01:58] [Render thread/WARN] (Minecraft) Missing sound for event: minecraft:item.goat_horn.play
[20:01:58] [Render thread/WARN] (Minecraft) Missing sound for event: minecraft:entity.goat.screaming.horn_break
[20:01:58] [Render thread/INFO] (Minecraft) OpenAL initialized on device OpenAL Soft on Динамики (USB Audio Device)
[20:01:58] [Render thread/INFO] (Minecraft) Sound engine started
[20:01:58] [Render thread/INFO] (Minecraft) Created: 1024x512x4 minecraft:textures/atlas/blocks.png-atlas
[20:01:59] [Render thread/INFO] (Minecraft) Created: 256x256x4 minecraft:textures/atlas/signs.png-atlas
[20:01:59] [Render thread/INFO] (Minecraft) Created: 512x512x4 minecraft:textures/atlas/banner_patterns.png-atlas
[20:01:59] [Render thread/INFO] (Minecraft) Created: 512x512x4 minecraft:textures/atlas/shield_patterns.png-atlas
[20:01:59] [Render thread/INFO] (Minecraft) Created: 1024x1024x4 minecraft:textures/atlas/armor_trims.png-atlas
[20:01:59] [Render thread/INFO] (Minecraft) Created: 256x256x4 minecraft:textures/atlas/chest.png-atlas
[20:01:59] [Render thread/INFO] (Minecraft) Created: 128x64x4 minecraft:textures/atlas/decorated_pot.png-atlas
[20:01:59] [Render thread/INFO] (Minecraft) Created: 512x256x4 minecraft:textures/atlas/beds.png-atlas
[20:01:59] [Render thread/INFO] (Minecraft) Created: 512x256x4 minecraft:textures/atlas/shulker_boxes.png-atlas
[20:01:59] [Render thread/INFO] (Minecraft) Created: 512x256x0 minecraft:textures/atlas/particles.png-atlas
[20:01:59] [Render thread/INFO] (Minecraft) Created: 512x256x0 minecraft:textures/atlas/paintings.png-atlas
[20:01:59] [Render thread/INFO] (Minecraft) Created: 256x128x0 minecraft:textures/atlas/mob_effects.png-atlas
[20:01:59] [Render thread/INFO] (Minecraft) Created: 64x64x0 minecraft:textures/atlas/map_decorations.png-atlas
[20:01:59] [Render thread/INFO] (Minecraft) Created: 1024x512x0 minecraft:textures/atlas/gui.png-atlas
[20:02:00] [Render thread/WARN] (Minecraft) Shader rendertype_entity_translucent_emissive could not find sampler named Sampler2 in the specified shader program.
[20:02:11] [Render thread/INFO] (Minecraft) Loaded 1290 recipes
[20:02:12] [Render thread/INFO] (Minecraft) Loaded 1399 advancements
[20:02:14] [Render thread/INFO] (BiomeModificationImpl) Applied 0 biome modifications to 0 of 64 new biomes in 1.178 ms
[20:02:14] [Server thread/INFO] (Minecraft) Starting integrated minecraft server version 1.21
[20:02:14] [Server thread/INFO] (Minecraft) Generating keypair
[20:02:18] [Server thread/INFO] (Minecraft) Preparing start region for dimension minecraft:overworld
[20:02:18] [Render thread/INFO] (Minecraft) Preparing spawn area: 2%
[20:02:19] [Render thread/INFO] (Minecraft) Preparing spawn area: 2%
[20:02:19] [Render thread/INFO] (Minecraft) Preparing spawn area: 2%
[20:02:20] [Render thread/INFO] (Minecraft) Preparing spawn area: 2%
[20:02:20] [Render thread/INFO] (Minecraft) Preparing spawn area: 18%
[20:02:21] [Render thread/INFO] (Minecraft) Preparing spawn area: 18%
[20:02:21] [Render thread/INFO] (Minecraft) Preparing spawn area: 51%
[20:02:22] [Render thread/INFO] (Minecraft) Preparing spawn area: 51%
[20:02:22] [Render thread/INFO] (Minecraft) Time elapsed: 3942 ms
[20:02:22] [Server thread/INFO] (Minecraft) Changing view distance to 12, from 10
[20:02:22] [Server thread/INFO] (Minecraft) Changing simulation distance to 12, from 0
[20:02:23] [Server thread/INFO] (Minecraft) Player459[local:E:6fdedd62] logged in with entity id 23 at (17.5, 69.0, 11.5)
[20:02:23] [Server thread/INFO] (Minecraft) Player459 joined the game
[20:02:24] [Render thread/ERROR] (ClientPlayNetworkAddon) Exception thrown while invoking ClientPlayConnectionEvents.JOIN
java.lang.NullPointerException: Cannot read field "address" because the return value of "net.minecraft.client.network.ClientPlayNetworkHandler.getServerInfo()" is null
	at knot/org.kurva.werlii.client.WerliiClient.lambda$registerConnectionEvents$1(WerliiClient.java:67) ~[main/:?]
	at knot/net.fabricmc.fabric.api.client.networking.v1.ClientPlayConnectionEvents.lambda$static$2(ClientPlayConnectionEvents.java:50) ~[fabric-networking-api-v1-4.2.2+60c3209bd1.jar:?]
	at knot/net.fabricmc.fabric.impl.networking.client.ClientPlayNetworkAddon.onServerReady(ClientPlayNetworkAddon.java:60) ~[fabric-networking-api-v1-4.2.2+60c3209bd1.jar:?]
	at knot/net.minecraft.client.network.ClientPlayNetworkHandler.handler$zgn000$fabric-networking-api-v1$handleServerPlayReady(ClientPlayNetworkHandler.java:3044) ~[minecraft-merged-c2b31d572c-1.21-net.fabricmc.yarn.1_21.1.21+build.9-v2.jar:?]
	at knot/net.minecraft.client.network.ClientPlayNetworkHandler.onGameJoin(ClientPlayNetworkHandler.java:477) ~[minecraft-merged-c2b31d572c-1.21-net.fabricmc.yarn.1_21.1.21+build.9-v2.jar:?]
	at knot/net.minecraft.network.packet.s2c.play.GameJoinS2CPacket.apply(GameJoinS2CPacket.java:69) ~[minecraft-merged-c2b31d572c-1.21-net.fabricmc.yarn.1_21.1.21+build.9-v2.jar:?]
	at knot/net.minecraft.network.packet.s2c.play.GameJoinS2CPacket.apply(GameJoinS2CPacket.java:17) ~[minecraft-merged-c2b31d572c-1.21-net.fabricmc.yarn.1_21.1.21+build.9-v2.jar:?]
	at knot/net.minecraft.network.NetworkThreadUtils.method_11072(NetworkThreadUtils.java:27) ~[minecraft-merged-c2b31d572c-1.21-net.fabricmc.yarn.1_21.1.21+build.9-v2.jar:?]
	at knot/net.minecraft.util.thread.ThreadExecutor.executeTask(ThreadExecutor.java:162) [minecraft-merged-c2b31d572c-1.21-net.fabricmc.yarn.1_21.1.21+build.9-v2.jar:?]
	at knot/net.minecraft.util.thread.ReentrantThreadExecutor.executeTask(ReentrantThreadExecutor.java:23) [minecraft-merged-c2b31d572c-1.21-net.fabricmc.yarn.1_21.1.21+build.9-v2.jar:?]
	at knot/net.minecraft.util.thread.ThreadExecutor.runTask(ThreadExecutor.java:136) [minecraft-merged-c2b31d572c-1.21-net.fabricmc.yarn.1_21.1.21+build.9-v2.jar:?]
	at knot/net.minecraft.util.thread.ThreadExecutor.runTasks(ThreadExecutor.java:121) [minecraft-merged-c2b31d572c-1.21-net.fabricmc.yarn.1_21.1.21+build.9-v2.jar:?]
	at knot/net.minecraft.client.MinecraftClient.render(MinecraftClient.java:1240) [minecraft-merged-c2b31d572c-1.21-net.fabricmc.yarn.1_21.1.21+build.9-v2.jar:?]
	at knot/net.minecraft.client.MinecraftClient.run(MinecraftClient.java:882) [minecraft-merged-c2b31d572c-1.21-net.fabricmc.yarn.1_21.1.21+build.9-v2.jar:?]
	at knot/net.minecraft.client.main.Main.main(Main.java:256) [minecraft-merged-c2b31d572c-1.21-net.fabricmc.yarn.1_21.1.21+build.9-v2.jar:?]
	at net.fabricmc.loader.impl.game.minecraft.MinecraftGameProvider.launch(MinecraftGameProvider.java:480) [fabric-loader-0.16.10.jar:?]
	at net.fabricmc.loader.impl.launch.knot.Knot.launch(Knot.java:74) [fabric-loader-0.16.10.jar:?]
	at net.fabricmc.loader.impl.launch.knot.KnotClient.main(KnotClient.java:23) [fabric-loader-0.16.10.jar:?]
	at net.fabricmc.devlaunchinjector.Main.main(Main.java:86) [dev-launch-injector-0.2.1+build.8.jar:?]
[20:02:24] [Render thread/INFO] (Minecraft) Loaded 2 advancements
[20:02:28] [Server thread/INFO] (Minecraft) Saving and pausing game...
[20:02:28] [Server thread/INFO] (Minecraft) Saving chunks for level 'ServerLevel[New World]'/minecraft:overworld
[20:02:28] [Server thread/INFO] (Minecraft) Saving chunks for level 'ServerLevel[New World]'/minecraft:the_end
[20:02:28] [Server thread/INFO] (Minecraft) Saving chunks for level 'ServerLevel[New World]'/minecraft:the_nether
[20:02:54] [Server thread/INFO] (Minecraft) Saving and pausing game...
[20:02:54] [Server thread/INFO] (Minecraft) Saving chunks for level 'ServerLevel[New World]'/minecraft:overworld
[20:02:55] [Server thread/INFO] (Minecraft) Saving chunks for level 'ServerLevel[New World]'/minecraft:the_end
[20:02:55] [Server thread/INFO] (Minecraft) Saving chunks for level 'ServerLevel[New World]'/minecraft:the_nether
[20:03:02] [Server thread/INFO] (Minecraft) Changing view distance to 7, from 12
[20:03:07] [Server thread/INFO] (Minecraft) Saving and pausing game...
[20:03:07] [Server thread/INFO] (Minecraft) Saving chunks for level 'ServerLevel[New World]'/minecraft:overworld
[20:03:07] [Server thread/INFO] (Minecraft) Saving chunks for level 'ServerLevel[New World]'/minecraft:the_end
[20:03:07] [Server thread/INFO] (Minecraft) Saving chunks for level 'ServerLevel[New World]'/minecraft:the_nether
[20:03:34] [Render thread/INFO] (Minecraft) [System] [CHAT] §8[§bWerlii§8] §aSuccessfully bound §bKillAura §ato §bК
[20:04:09] [Server thread/INFO] (Minecraft) Player459 has made the advancement [Monster Hunter]
[20:04:09] [Render thread/INFO] (Minecraft) [System] [CHAT] Player459 has made the advancement [Monster Hunter]
[20:04:09] [Render thread/INFO] (Minecraft) Loaded 41 advancements
[20:04:35] [Render thread/INFO] (Minecraft) Loaded 43 advancements
[20:05:26] [Render thread/INFO] (Minecraft) Loaded 44 advancements
[20:05:44] [Render thread/ERROR] (Minecraft) Illegal option value 100.0 for translation{key='options.gamma', args=[]}
[20:05:53] [Render thread/ERROR] (Minecraft) Illegal option value 100.0 for translation{key='options.gamma', args=[]}
[20:05:54] [Render thread/ERROR] (Minecraft) Illegal option value 100.0 for translation{key='options.gamma', args=[]}
[20:05:58] [Render thread/ERROR] (Minecraft) Illegal option value 100.0 for translation{key='options.gamma', args=[]}
[20:06:12] [Render thread/INFO] (Minecraft) Loaded 44 advancements
[20:06:14] [Server thread/INFO] (Minecraft) Saving and pausing game...
[20:06:14] [Server thread/INFO] (Minecraft) Saving chunks for level 'ServerLevel[New World]'/minecraft:overworld
[20:06:14] [Server thread/INFO] (Minecraft) Saving chunks for level 'ServerLevel[New World]'/minecraft:the_end
[20:06:14] [Server thread/INFO] (Minecraft) Saving chunks for level 'ServerLevel[New World]'/minecraft:the_nether
[20:06:14] [Netty Local Client IO #0/INFO] (werlii) Disconnected from server
[20:06:14] [Netty Local Client IO #0/INFO] (werlii) Config saved successfully
[20:06:14] [Server thread/INFO] (Minecraft) Player459 lost connection: Disconnected
[20:06:14] [Server thread/INFO] (Minecraft) Player459 left the game
[20:06:14] [Server thread/INFO] (Minecraft) Stopping singleplayer server as player logged out
[20:06:14] [Server thread/INFO] (Minecraft) Stopping server
[20:06:14] [Server thread/INFO] (Minecraft) Saving players
[20:06:14] [Server thread/INFO] (Minecraft) Saving worlds
[20:06:14] [Server thread/INFO] (Minecraft) Saving chunks for level 'ServerLevel[New World]'/minecraft:overworld
[20:06:15] [Server thread/INFO] (Minecraft) Saving chunks for level 'ServerLevel[New World]'/minecraft:the_end
[20:06:15] [Server thread/INFO] (Minecraft) Saving chunks for level 'ServerLevel[New World]'/minecraft:the_nether
[20:06:15] [Server thread/INFO] (Minecraft) ThreadedAnvilChunkStorage (New World): All chunks are saved
[20:06:15] [Server thread/INFO] (Minecraft) ThreadedAnvilChunkStorage (DIM1): All chunks are saved
[20:06:15] [Server thread/INFO] (Minecraft) ThreadedAnvilChunkStorage (DIM-1): All chunks are saved
[20:06:15] [Server thread/INFO] (Minecraft) ThreadedAnvilChunkStorage: All dimensions are saved
[20:06:15] [Render thread/INFO] (Minecraft) Stopping!
